<?xml version="1.0" encoding="UTF-8"?>
<!-- Generated by org.testng.reporters.JUnitReportReporter -->
<testsuite hostname="RAYAN" failures="0" tests="1" name="TestRunner.RunnerClass" time="9.010" errors="0" timestamp="2023-09-06T18:11:37 EDT" skipped="0">
  <testcase classname="TestRunner.RunnerClass" name="feature" time="9.010"/>
</testsuite> <!-- TestRunner.RunnerClass -->
